ncsim(64) 15.20-s039
Linux 3.10.0-862.9.1.el7.x86_64 #1 SMP Mon Jul 16 16:29:36 UTC 2018 x86_64
CPU cores: 16
Limit information:
======================================
cputime			unlimited
filesize		unlimited
datasize		unlimited
stacksize		8192 kbytes
coredumpsize	0 kbytes
memoryuse		unlimited
vmemoryuse		unlimited
descriptors		4096
memorylocked	64 kbytes
maxproc			4096
======================================
(Special)Runtime environment variables:

Runtime environment variables:
REMOTEHOST=192.168.1.8
SYNOPSYS_LC_ROOT=/usr/cad/synopsys/lc/cur
MANPATH=/usr/cad/synopsys/synthesis/cur/doc/syn/man:/usr/cad/synopsys/coreconsultant/cur/doc/dware/man
XDG_SESSION_ID=32847
TMIARCH=RH_64
HOSTNAME=vlsicad8
SYNOPSYS_TMAX=/usr/cad/synopsys/tmax/cur
SELINUX_ROLE_REQUESTED=
HOST=vlsicad8
TERM=xterm
SHELL=/bin/tcsh
MAKEFLAGS=
SSH_CLIENT=192.168.1.8 44008 22
PERL5LIB=/home/user2/vsd20/vsd2055/perl5/lib/perl5
DESIGNWARE_HOME=/usr/cad/synopsys/dw_home/cur
SELINUX_USE_CURRENT_RANGE=
CDS_LOAD_ENV=CSF
QTDIR=/usr/lib64/qt-3.3
HSP_GCC_VERSION=5.2.0
MGC_LOCATION_MAP=NO_MAP
QTINC=/usr/lib64/qt-3.3/include
PERL_MB_OPT=--install_base /home/user2/vsd20/vsd2055/perl5
SSH_TTY=/dev/pts/2
QT_GRAPHICSSYSTEM_CHECKED=1
GROUP=student
HSP_HOME=/usr/cad/synopsys/hspice/cur/hspice
FTC=/usr/cad/CBDK/CBDK018_UMC_Faraday_v1.0/CIC/Memory/ftclib_200901.2.1
USER=vsd2055
LD_LIBRARY_PATH=/usr/lib:/usr/lib64:/lib:/lib64:/usr/local/systemc/cur/lib-linux64:/usr/local/systemc/systemc-2.3.1/lib-linux64::/usr/cad/cadence/CTOS/cur/tools.lnx86/lib:/usr/cad/cadence/MMSIM/cur/tools/lib:/usr/cad/cadence/IC/cur/tools/lib:/usr/cad/cadence/INCISIV/cur/tools/lib/64bit:/usr/cad/cadence/INCISIV/cur/tools/lib:/usr/cad/cadence/INCISIV/cur/tools/vtools/vfault/lib:/usr/cad/cadence/EDI/cur//tools/tlfUtil/lib:/usr/cad/cadence/INNOVUS/cur//tools/tlfUtil/lib:/usr/cad/synopsys/verdi/cur/share/PLI/IUS/LINUX64/:/usr/cad/synopsys/hspice/cur/hspice/linux64/interfaces
LS_COLORS=no=00:fi=00:di=00;34;01:ln=00;36:pi=40;33:so=00;35:bd=40;33;01:cd=40;33;01:or=01;05;37;41:mi=01;05;37;41:ex=00;32:*.cmd=00;32:*.exe=00;32:*.com=00;32:*.btm=00;32:*.bat=00;32:*.sh=00;32:*.csh=00;32:*.tar=00;31:*.tgz=00;31:*.arj=00;31:*.taz=00;31:*.lzh=00;31:*.zip=00;31:*.z=00;31:*.Z=00;31:*.gz=00;31:*.bz2=00;31:*.bz=00;31:*.tz=00;31:*.rpm=00;31:*.cpio=00;31:*.jpg=00;35:*.gif=00;35:*.bmp=00;35:*.xbm=00;35:*.xpm=00;35:*.png=00;35:*.tif=00;35:
HOSTTYPE=x86_64-linux
installdir=/usr/cad/synopsys/hspice/cur/hspice
ENCOUNTER=/usr/cad/cadence/EDI/cur/tools/fe
MAKELEVEL=1
CMIARCH=RH_64
MFLAGS=
MAIL=/var/spool/mail/vsd2055
PATH=/usr/cad/cadence/INCISIV/cur/tools/bin/64bit:/usr/local/sbin:/usr/local/bin:/usr/sbin:/usr/bin:/sbin:/bin:/usr/cad/Sigasi/eclipse:/usr/cad/Sigasi/eclipse/cur:/usr/cad/CBDK/CBDK018_UMC_Faraday_v1.0/CIC/Memory/ftclib_200901.2.1/EXE:/opt/RISCV/bin:/usr/cad/HOY/BRAINS/cur/bin:/usr/cad/mentor/Tessent/cur/bin:/usr/cad/mentor/calibre/cur/bin:/usr/cad/cadence/JASPER/cur/bin:/usr/cad/cadence/JASPER/cur/bin:/usr/cad/cadence/JASPER/cur/bin:/usr/cad/cadence/JASPER/cur/bin:/usr/cad/cadence/JASPER/cur/bin:/usr/cad/cadence/JASPER/cur/bin:/usr/cad/cadence/JASPER/cur/bin:/usr/cad/cadence/CTOS/cur/tools.lnx86/bin:/usr/cad/cadence/MMSIM/cur/tools/dfII/bin:/usr/cad/cadence/MMSIM/cur/tools/bin:/usr/cad/cadence/IC/cur/tools/dfII/bin:/usr/cad/cadence/IC/cur/tools/dracula/bin:/usr/cad/cadence/IC/cur/tools/bin:/usr/cad/cadence/INCISIV/cur/tools/bin:/usr/cad/cadence/INCISIV/cur/tools/vtools/vfault/bin:/usr/cad/cadence/INCISIV/cur/tools/dfII/bin:/usr/cad/cadence/EDI/cur/tools/celtic/bin:/usr/cad/cadence/EDI/cur/tools/plato/bin:/usr/cad/cadence/EDI/cur/tools/dfII/bin:/usr/cad/cadence/EDI/cur/tools/fe/bin:/usr/cad/cadence/EDI/cur/tools/cdsdoc/bin:/usr/cad/cadence/EDI/cur/tools/bin:/usr/cad/cadence/EDI/cur//tools/tlfUtil/bin:/usr/cad/cadence/INNOVUS/cur/tools/celtic/bin:/usr/cad/cadence/INNOVUS/cur/tools/plato/bin:/usr/cad/cadence/INNOVUS/cur/tools/dfII/bin:/usr/cad/cadence/INNOVUS/cur/tools/bin:/usr/cad/cadence/INNOVUS/cur//tools/tlfUtil/bin:/usr/cad/synopsys/tmax/cur/bin:/usr/bin/X11:/usr/cad/synopsys/coreconsultant/cur/bin:/usr/cad/synopsys/verdi/cur/bin:/usr/cad/synopsys/verdi/cur/nLint/bin:/usr/bin/X11:/usr/cad/synopsys/primetime/cur/amd64/syn/bin:/usr/bin/X11:/usr/cad/synopsys/primerail/cur/amd64/syn/bin:/usr/cad/synopsys/adp/cur/bin:/usr/cad/synopsys/laker/cur/bin:/usr/cad/synopsys/customexplorer/cur/bin:/usr/cad/synopsys/hspice/cur/hspice/bin:/usr/cad/synopsys/hspice/cur/hspice/GNU/linux64/gcc/bin:/usr/cad/synopsys/hspice/cur/hspice/linux64:/usr/bin:/usr/ucb/bin:/usr/bin/X11:/usr/cad/synopsys/coreConsultant/cur/bin:/usr/cad/synopsys/synthesis/cur/amd64/syn/bin:/usr/cad/synopsys/lc/cur/bin:/usr/cad/synopsys/lc/cur/bin:/usr/lib64/qt-3.3/bin:/home/user2/vsd20/vsd2055/perl5/bin:/usr/local/bin:/usr/bin:/usr/local/sbin:/usr/sbin:/usr/cad/synopsys/dw_home/cur/bin
HOY_LIC_FILE=4141@lscic
PWD=/home/user2/vsd20/vsd2055/HW1/N26094883/build
XMODIFIERS=@im=none
LANG=en_US.utf8
Laker_TCL_ToolBox=1
SYNTHESIS=/usr/cad/synopsys/synthesis/cur
KDEDIRS=/usr
SELINUX_LEVEL_REQUESTED=
FTCLMD_LICENSE_FILE=99993@lscic
CDS_Netlisting_Mode=Analog
PRIMETIME=/usr/cad/synopsys/primetime/cur
LM_LICENSE_FILE=27000@vlsicad8:26000@lscic:1717@lsncku:5280@lsncku:5280@lscic:26585@lsncku:26585@lscic
PERL_HOMEDIR=1
PRIMERAIL=/usr/cad/synopsys/primerail/cur
HSP_GCC=/usr/cad/synopsys/hspice/cur/hspice/GNU/linux64/gcc/bin/gcc -m64 
SHLVL=2
HOME=/home/user2/vsd20/vsd2055
OSTYPE=linux
Laker_TCL_L3=1
MGC_HOME=/usr/cad/mentor/calibre/cur
CDS_AUTO_64BIT=ALL
SNPS_64=1
SNPS_PLATFORM=linux64
PERL_LOCAL_LIB_ROOT=/home/user2/vsd20/vsd2055/perl5
MGC_TMPDIR=/tmp
VENDOR=unknown
LOGNAME=vsd2055
MACHTYPE=x86_64
QTLIB=/usr/lib64/qt-3.3/lib
SSH_CONNECTION=192.168.1.8 44008 192.168.100.8 22
mraarch=linux_64
LESSOPEN=||/usr/bin/lesspipe.sh %s
SHLIB_PATH=/usr/cad/synopsys/verdi/cur/share/PLI/IUS/LINUX64
DISPLAY=localhost:12.0
XDG_RUNTIME_DIR=/run/user/11773
SYN_MAN_DIR=/usr/cad/synopsys/synthesis/cur/doc/syn/man
QT_PLUGIN_PATH=/usr/lib64/kde4/plugins:/usr/lib/kde4/plugins
SOFT_MAN_DIR=/usr/cad/synopsys/coreconsultant/cur/doc/dware/man
PERL_MM_OPT=INSTALL_BASE=/home/user2/vsd20/vsd2055/perl5
_=/usr/cad/cadence/INCISIV/cur/tools/bin/irun
OLDPWD=/home/user2/vsd20/vsd2055/HW1/N26094883
_IRUNROOT_=/usr/cad/cadence/INCISIV/cur/tools
CDS_ARCH=lnx86
NCRUNMODE=irun:./INCA_libs/irun.lnx8664.15.20.nc
IRUNBATCH=FALSE
IMPERAS_PORT_FILE=.vsp_ovp_gdb_port
TCL_LIBRARY=/usr/cad/cadence/INCISIV/cur/tools/inca/files/tcl/library
Runtime command line arguments:
argv[0]=irun
argv[1]=/home/user2/vsd20/vsd2055/HW1/N26094883/./sim/top_tb.sv
argv[2]=+incdir+/home/user2/vsd20/vsd2055/HW1/N26094883/./src+/home/user2/vsd20/vsd2055/HW1/N26094883/./include+/home/user2/vsd20/vsd2055/HW1/N26094883/./sim
argv[3]=+define+prog3
argv[4]=-define
argv[5]=CYCLE=10.0
argv[6]=-define
argv[7]=MAX=100000
argv[8]=+access+r
argv[9]=+prog_path=/home/user2/vsd20/vsd2055/HW1/N26094883/./sim/prog3
115 profile - 100
          CPU/Mem usage: 0.080 sys,  0.030 user,  264.57M sys,  0.00M vm
116 VC callback profile - scalar:0 vector:0
117 Sun Oct 25 00:14:08 2020
118 pliAppInit
119 FSDB_GATE is disabled.
120 Enable Parallel Dumping.
121 pliAppMiscSet: New Sim Round
122 pliEntryInit
123 LIBSSCORE=found /usr/cad/synopsys/verdi/cur/share/PLI/IUS/LINUX64/libsscore_ius152.so through $LD_LIBRARY_PATH setting.
124 Sim process exit
